{"C:\\Users\\vida\\Desktop\\javascript\\Array.js": {"path":"C:\\Users\\vida\\Desktop\\javascript\\Array.js","statementMap":{"0":{"start":{"line":15,"column":4},"end":{"line":15,"column":22}},"1":{"start":{"line":16,"column":4},"end":{"line":16,"column":16}},"2":{"start":{"line":19,"column":0},"end":{"line":19,"column":27}}},"fnMap":{"0":{"name":"languages","decl":{"start":{"line":14,"column":9},"end":{"line":14,"column":18}},"loc":{"start":{"line":14,"column":25},"end":{"line":17,"column":1}},"line":14}},"branchMap":{},"s":{"0":1,"1":1,"2":1},"f":{"0":1},"b":{},"_coverageSchema":"1a1c01bbd47fc00a2c39e90264f33305004495a9","hash":"1401eab4f2533ee42fd05a9a17b7c2f87fc77834"}
}
