{"C:\\Users\\vidab\\OneDrive\\Desktop\\JavaScript\\Learning-JavaSript\\Array.js": {"path":"C:\\Users\\vidab\\OneDrive\\Desktop\\JavaScript\\Learning-JavaSript\\Array.js","statementMap":{"0":{"start":{"line":15,"column":4},"end":{"line":15,"column":22}},"1":{"start":{"line":16,"column":4},"end":{"line":16,"column":16}},"2":{"start":{"line":19,"column":0},"end":{"line":19,"column":27}}},"fnMap":{"0":{"name":"languages","decl":{"start":{"line":14,"column":9},"end":{"line":14,"column":18}},"loc":{"start":{"line":14,"column":25},"end":{"line":17,"column":1}},"line":14}},"branchMap":{},"s":{"0":1,"1":1,"2":1},"f":{"0":1},"b":{},"_coverageSchema":"1a1c01bbd47fc00a2c39e90264f33305004495a9","hash":"a97f566c6e1af8bf726f52f9a84580eb257d41fa"}
,"C:\\Users\\vidab\\OneDrive\\Desktop\\JavaScript\\Learning-JavaSript\\area.js": {"path":"C:\\Users\\vidab\\OneDrive\\Desktop\\JavaScript\\Learning-JavaSript\\area.js","statementMap":{"0":{"start":{"line":3,"column":4},"end":{"line":3,"column":26}},"1":{"start":{"line":8,"column":4},"end":{"line":8,"column":29}},"2":{"start":{"line":12,"column":4},"end":{"line":12,"column":17}},"3":{"start":{"line":15,"column":0},"end":{"line":15,"column":60}}},"fnMap":{"0":{"name":"rectangleArea","decl":{"start":{"line":2,"column":9},"end":{"line":2,"column":22}},"loc":{"start":{"line":2,"column":38},"end":{"line":4,"column":1}},"line":2},"1":{"name":"triangleArea","decl":{"start":{"line":7,"column":9},"end":{"line":7,"column":21}},"loc":{"start":{"line":7,"column":36},"end":{"line":9,"column":1}},"line":7},"2":{"name":"squareArea","decl":{"start":{"line":11,"column":9},"end":{"line":11,"column":19}},"loc":{"start":{"line":11,"column":23},"end":{"line":13,"column":1}},"line":11}},"branchMap":{},"s":{"0":1,"1":1,"2":1,"3":1},"f":{"0":1,"1":1,"2":1},"b":{},"_coverageSchema":"1a1c01bbd47fc00a2c39e90264f33305004495a9","hash":"e9e70f25e8113d9cc1cfff9e3772273df05fd6c7"}
,"C:\\Users\\vidab\\OneDrive\\Desktop\\JavaScript\\Learning-JavaSript\\loop.js": {"path":"C:\\Users\\vidab\\OneDrive\\Desktop\\JavaScript\\Learning-JavaSript\\loop.js","statementMap":{"0":{"start":{"line":11,"column":18},"end":{"line":11,"column":99}},"1":{"start":{"line":12,"column":18},"end":{"line":12,"column":41}},"2":{"start":{"line":13,"column":16},"end":{"line":13,"column":18}},"3":{"start":{"line":15,"column":0},"end":{"line":21,"column":1}},"4":{"start":{"line":15,"column":12},"end":{"line":15,"column":13}},"5":{"start":{"line":16,"column":4},"end":{"line":16,"column":56}},"6":{"start":{"line":17,"column":20},"end":{"line":19,"column":9}},"7":{"start":{"line":18,"column":8},"end":{"line":18,"column":23}},"8":{"start":{"line":20,"column":4},"end":{"line":20,"column":26}},"9":{"start":{"line":22,"column":0},"end":{"line":22,"column":23}},"10":{"start":{"line":24,"column":0},"end":{"line":24,"column":29}}},"fnMap":{"0":{"name":"(anonymous_0)","decl":{"start":{"line":17,"column":39},"end":{"line":17,"column":40}},"loc":{"start":{"line":17,"column":53},"end":{"line":19,"column":5}},"line":17}},"branchMap":{},"s":{"0":1,"1":1,"2":1,"3":1,"4":1,"5":6,"6":6,"7":36,"8":6,"9":1,"10":1},"f":{"0":36},"b":{},"_coverageSchema":"1a1c01bbd47fc00a2c39e90264f33305004495a9","hash":"c87db71e7fdefd7e4f4ec7b27f892308b5c848a9"}
,"C:\\Users\\vidab\\OneDrive\\Desktop\\JavaScript\\Learning-JavaSript\\number.js": {"path":"C:\\Users\\vidab\\OneDrive\\Desktop\\JavaScript\\Learning-JavaSript\\number.js","statementMap":{"0":{"start":{"line":2,"column":4},"end":{"line":2,"column":17}},"1":{"start":{"line":5,"column":4},"end":{"line":5,"column":17}},"2":{"start":{"line":7,"column":12},"end":{"line":7,"column":27}},"3":{"start":{"line":7,"column":22},"end":{"line":7,"column":27}},"4":{"start":{"line":8,"column":12},"end":{"line":8,"column":27}},"5":{"start":{"line":8,"column":22},"end":{"line":8,"column":27}},"6":{"start":{"line":9,"column":0},"end":{"line":9,"column":39}}},"fnMap":{"0":{"name":"sum","decl":{"start":{"line":1,"column":9},"end":{"line":1,"column":12}},"loc":{"start":{"line":1,"column":18},"end":{"line":3,"column":1}},"line":1},"1":{"name":"mul","decl":{"start":{"line":4,"column":9},"end":{"line":4,"column":12}},"loc":{"start":{"line":4,"column":18},"end":{"line":6,"column":1}},"line":4},"2":{"name":"(anonymous_2)","decl":{"start":{"line":7,"column":12},"end":{"line":7,"column":13}},"loc":{"start":{"line":7,"column":22},"end":{"line":7,"column":27}},"line":7},"3":{"name":"(anonymous_3)","decl":{"start":{"line":8,"column":12},"end":{"line":8,"column":13}},"loc":{"start":{"line":8,"column":22},"end":{"line":8,"column":27}},"line":8}},"branchMap":{},"s":{"0":1,"1":1,"2":1,"3":1,"4":1,"5":1,"6":1},"f":{"0":1,"1":1,"2":1,"3":1},"b":{},"_coverageSchema":"1a1c01bbd47fc00a2c39e90264f33305004495a9","hash":"9e16e8d612f2ed41754026fc08024b1575f8737b"}
,"C:\\Users\\vidab\\OneDrive\\Desktop\\JavaScript\\Learning-JavaSript\\scope.js": {"path":"C:\\Users\\vidab\\OneDrive\\Desktop\\JavaScript\\Learning-JavaSript\\scope.js","statementMap":{"0":{"start":{"line":7,"column":17},"end":{"line":7,"column":40}},"1":{"start":{"line":10,"column":4},"end":{"line":10,"column":52}},"2":{"start":{"line":12,"column":0},"end":{"line":12,"column":25}}},"fnMap":{"0":{"name":"courses","decl":{"start":{"line":9,"column":9},"end":{"line":9,"column":16}},"loc":{"start":{"line":9,"column":19},"end":{"line":11,"column":1}},"line":9}},"branchMap":{},"s":{"0":1,"1":1,"2":1},"f":{"0":1},"b":{},"_coverageSchema":"1a1c01bbd47fc00a2c39e90264f33305004495a9","hash":"3a3902f6bf4845c8b56264a57568590170b3fee7"}
,"C:\\Users\\vidab\\OneDrive\\Desktop\\JavaScript\\Learning-JavaSript\\string.js": {"path":"C:\\Users\\vidab\\OneDrive\\Desktop\\JavaScript\\Learning-JavaSript\\string.js","statementMap":{"0":{"start":{"line":2,"column":23},"end":{"line":4,"column":1}},"1":{"start":{"line":3,"column":4},"end":{"line":3,"column":56}},"2":{"start":{"line":6,"column":18},"end":{"line":8,"column":1}},"3":{"start":{"line":7,"column":4},"end":{"line":7,"column":30}},"4":{"start":{"line":10,"column":12},"end":{"line":12,"column":1}},"5":{"start":{"line":11,"column":4},"end":{"line":11,"column":27}},"6":{"start":{"line":14,"column":12},"end":{"line":16,"column":1}},"7":{"start":{"line":15,"column":4},"end":{"line":15,"column":56}},"8":{"start":{"line":19,"column":4},"end":{"line":19,"column":39}},"9":{"start":{"line":23,"column":0},"end":{"line":23,"column":71}}},"fnMap":{"0":{"name":"(anonymous_0)","decl":{"start":{"line":2,"column":23},"end":{"line":2,"column":24}},"loc":{"start":{"line":2,"column":33},"end":{"line":4,"column":1}},"line":2},"1":{"name":"(anonymous_1)","decl":{"start":{"line":6,"column":18},"end":{"line":6,"column":19}},"loc":{"start":{"line":6,"column":28},"end":{"line":8,"column":1}},"line":6},"2":{"name":"(anonymous_2)","decl":{"start":{"line":10,"column":12},"end":{"line":10,"column":13}},"loc":{"start":{"line":10,"column":26},"end":{"line":12,"column":1}},"line":10},"3":{"name":"(anonymous_3)","decl":{"start":{"line":14,"column":12},"end":{"line":14,"column":13}},"loc":{"start":{"line":14,"column":22},"end":{"line":16,"column":1}},"line":14},"4":{"name":"concatination","decl":{"start":{"line":18,"column":9},"end":{"line":18,"column":22}},"loc":{"start":{"line":18,"column":45},"end":{"line":20,"column":1}},"line":18}},"branchMap":{},"s":{"0":1,"1":1,"2":1,"3":1,"4":1,"5":1,"6":1,"7":1,"8":1,"9":1},"f":{"0":1,"1":1,"2":1,"3":1,"4":1},"b":{},"_coverageSchema":"1a1c01bbd47fc00a2c39e90264f33305004495a9","hash":"0b0d44dc419f73fbb8e50154fd8c46a5d08bf8e6"}
,"C:\\Users\\vidab\\OneDrive\\Desktop\\JavaScript\\Learning-JavaSript\\sum.js": {"path":"C:\\Users\\vidab\\OneDrive\\Desktop\\JavaScript\\Learning-JavaSript\\sum.js","statementMap":{"0":{"start":{"line":2,"column":4},"end":{"line":2,"column":17}},"1":{"start":{"line":5,"column":0},"end":{"line":5,"column":21}}},"fnMap":{"0":{"name":"sum","decl":{"start":{"line":1,"column":9},"end":{"line":1,"column":12}},"loc":{"start":{"line":1,"column":19},"end":{"line":3,"column":1}},"line":1}},"branchMap":{},"s":{"0":1,"1":1},"f":{"0":1},"b":{},"_coverageSchema":"1a1c01bbd47fc00a2c39e90264f33305004495a9","hash":"39d26e53b35a9af07da53f8c85b3bb00d78b3fdc"}
,"C:\\Users\\vidab\\OneDrive\\Desktop\\JavaScript\\Learning-JavaSript\\sunday.js": {"path":"C:\\Users\\vidab\\OneDrive\\Desktop\\JavaScript\\Learning-JavaSript\\sunday.js","statementMap":{"0":{"start":{"line":1,"column":12},"end":{"line":1,"column":27}},"1":{"start":{"line":1,"column":22},"end":{"line":1,"column":27}},"2":{"start":{"line":3,"column":0},"end":{"line":3,"column":21}}},"fnMap":{"0":{"name":"(anonymous_0)","decl":{"start":{"line":1,"column":12},"end":{"line":1,"column":13}},"loc":{"start":{"line":1,"column":22},"end":{"line":1,"column":27}},"line":1}},"branchMap":{},"s":{"0":1,"1":1,"2":1},"f":{"0":1},"b":{},"_coverageSchema":"1a1c01bbd47fc00a2c39e90264f33305004495a9","hash":"6d7aa1821a0430d411ab2598f8de69dd34376e21"}
}
